4330000 INSERT INTO engine35.table2 (url) VALUES ('http://insta-cover.com/tag/10869/1')
4335000 INSERT INTO engine35.table2 (url) VALUES ('http://insta-cover.com/tag/3241/1')
4340000 INSERT INTO engine35.table2 (url) VALUES ('http://insta-cover.com/tag/9353/1')
4345000 INSERT INTO engine35.table2 (url) VALUES ('http://www.edweek.org/ew/index.html')
4350000 INSERT INTO engine35.table2 (url) VALUES ('http://pepecontreras.blogspot.com/2007_11_24_archive.html')
4355000 INSERT INTO engine35.table2 (url) VALUES ('http://blogdocrato.blogspot.com/2010_01_04_archive.html')
4360000 INSERT INTO engine35.table2 (url) VALUES ('http://palinstravels.co.uk/static-13')
4365000 INSERT INTO engine35.table2 (url) VALUES ('http://hope-inablog.com/tag/banila-co/')
4370000 INSERT INTO engine35.table2 (url) VALUES ('http://www.runbritain.com/training/')
4375000 INSERT INTO engine35.table2 (url) VALUES ('http://cmc-math.org/cmc-membership/cmc-infinity-wall/')
4380000 INSERT INTO engine35.table2 (url) VALUES ('http://clearysviewpoint.blogspot.com/2014_09_09_archive.html')
4385000 INSERT INTO engine35.table2 (url) VALUES ('http://www.scat-films.nl')
4390000 INSERT INTO engine35.table2 (url) VALUES ('http://gilvanmelo.blogspot.com.br/2011_06_16_archive.html')
4395000 INSERT INTO engine35.table2 (url) VALUES ('http://cickisdesign.blogspot.com/2011_08_21_archive.html')
4400000 INSERT INTO engine35.table2 (url) VALUES ('http://www.coffeeandtv.de/2009/09/14/14-millionen-schlafer/')
4405000 INSERT INTO engine35.table2 (url) VALUES ('http://fr.canoe.ca/infos/galeries_photos/20140904165942_otan2014/')
4410000 INSERT INTO engine35.table2 (url) VALUES ('http://dani-namaste.livejournal.com/tag/work')
4415000 INSERT INTO engine35.table2 (url) VALUES ('http://www.ezadskytech.com/search/label/Segmen')
4420000 INSERT INTO engine35.table2 (url) VALUES ('http://freenorthcarolina.blogspot.com/2014_03_12_archive.html')
4425000 INSERT INTO engine35.table2 (url) VALUES ('http://www.xstarstube.com/browse/categories/videos/z/997/1/Gladys Delys')
4430000 INSERT INTO engine35.table2 (url) VALUES ('http://bbs.oncity.cc/forum-13-1.html')
4435000 INSERT INTO engine35.table2 (url) VALUES ('http://99covers.com/electro-facebook-covers/tag/1/installs/1/0')
4440000 INSERT INTO engine35.table2 (url) VALUES ('http://ballseyesboomers.blogspot.com/2007_06_10_archive.html')
4445000 INSERT INTO engine35.table2 (url) VALUES ('http://tukartiub.blogspot.com/2013_09_25_archive.html')
4450000 INSERT INTO engine35.table2 (url) VALUES ('http://bedlamba.blogspot.sg/2014_12_14_archive.html')
4455000 INSERT INTO engine35.table2 (url) VALUES ('http://senderodelpeje.blogspot.com/2005_09_19_archive.html')
4460000 INSERT INTO engine35.table2 (url) VALUES ('http://tallyconnection.com/events/action~agenda/tag_ids~2497,1755,974/')
4465000 INSERT INTO engine35.table2 (url) VALUES ('http://adictamente.blogspot.mx/2012_05_10_archive.html')
4470000 INSERT INTO engine35.table2 (url) VALUES ('http://www.portlandart.net/archives/2015/03/index.html')
4475000 INSERT INTO engine35.table2 (url) VALUES ('http://sonicver2.blogspot.com/')
4485000 INSERT INTO engine35.table2 (url) VALUES ('http://newenergynews.blogspot.com/2015_02_01_archive.html')
4490000 INSERT INTO engine35.table2 (url) VALUES ('http://www.citymelt.com/')
4495000 INSERT INTO engine35.table2 (url) VALUES ('http://budakbalun.blogspot.com/2013/08/info-solat.html')
4500000 INSERT INTO engine35.table2 (url) VALUES ('http://necellularsites.net/sitemap/page/a/1697/')
4505000 INSERT INTO engine35.table2 (url) VALUES ('http://gilvanmelo.blogspot.com/2009_05_02_archive.html')
4510000 INSERT INTO engine35.table2 (url) VALUES ('http://fancitronille.canalblog.com/profile/881619/index.html')
4515000 INSERT INTO engine35.table2 (url) VALUES ('http://apodrecetuga.blogspot.com/2012/04/pssocrates-mudaram-lei-para-levarem.html')
4520000 INSERT INTO engine35.table2 (url) VALUES ('http://tips4pc.com/computer-quizzes/10-quiz-questions-about-windows-basics.htm')
4525000 INSERT INTO engine35.table2 (url) VALUES ('http://lankanstuff.blogspot.com/search/label/photos')
4530000 INSERT INTO engine35.table2 (url) VALUES ('http://worldairlinenews.com/category/dreamjet/')
4540000 INSERT INTO engine35.table2 (url) VALUES ('http://avaranda.blogspot.com/2013_12_23_archive.html')
4545000 INSERT INTO engine35.table2 (url) VALUES ('http://tallyconnection.com/events/action~agenda/tag_ids~1582,1291,2272/')
4550000 INSERT INTO engine35.table2 (url) VALUES ('http://altamiroborges.blogspot.com.br/2012_11_26_archive.html')
4555000 INSERT INTO engine35.table2 (url) VALUES ('http://fulltextreports.com/category/resources/trade-associations/council-for-responsible-nutrition/')
4560000 INSERT INTO engine35.table2 (url) VALUES ('http://oparalelocampestre.blogspot.com/2012_07_20_archive.html')
4565000 INSERT INTO engine35.table2 (url) VALUES ('http://smspunch.me/sms/aks')
4570000 INSERT INTO engine35.table2 (url) VALUES ('http://tallyconnection.com/events/action~agenda/tag_ids~1746,871,1911/')
4575000 INSERT INTO engine35.table2 (url) VALUES ('http://forteanzoology.blogspot.com/2011/11/dezyama-d-sangma-rip.html')
4580000 INSERT INTO engine35.table2 (url) VALUES ('http://eddieleaks.org/jason-bermas-live-on-air-now/')
4585000 INSERT INTO engine35.table2 (url) VALUES ('http://www.ftmarketwatch.com/dictionary/Income_stock.html')
4590000 INSERT INTO engine35.table2 (url) VALUES ('http://twitter.com/@EVB_Now/status/617196195765731332')
4595000 INSERT INTO engine35.table2 (url) VALUES ('http://smspunch.me/sms/astaghar-maghfirat')
4600000 INSERT INTO engine35.table2 (url) VALUES ('http://www.freepornz.com/secretary/')
4610000 INSERT INTO engine35.table2 (url) VALUES ('http://www.teeniesxxx.com/track/category/688/251979/')
4615000 INSERT INTO engine35.table2 (url) VALUES ('http://arenaclasificados.com/register.html')
4620000 INSERT INTO engine35.table2 (url) VALUES ('http://easternbrooktrout.org/projects/2012-funded-projects/culvert-replacement-and-instream-habitat-restoration-in-the-nulhegan-river-vermont/photo-of-the-mainstem-nulhegan-river-in-vermont/view')
4625000 INSERT INTO engine35.table2 (url) VALUES ('http://www.jillstanek.com/2007/01/')
4630000 INSERT INTO engine35.table2 (url) VALUES ('http://www.blogads.com')
4635000 INSERT INTO engine35.table2 (url) VALUES ('http://frommipov.blogspot.com/2012_02_11_archive.html')
4640000 INSERT INTO engine35.table2 (url) VALUES ('http://clipshare.certifiedtube.com/users/onevideo85')
4645000 INSERT INTO engine35.table2 (url) VALUES ('http://theharekrishnamovement.org/category/places-of-pilgrimage-2/')
4650000 INSERT INTO engine35.table2 (url) VALUES ('http://ipsaonline.org/')
4655000 INSERT INTO engine35.table2 (url) VALUES ('http://insta-cover.com/tag/13323/1')
4660000 INSERT INTO engine35.table2 (url) VALUES ('http://insta-cover.com/tag/3475/1')
4665000 INSERT INTO engine35.table2 (url) VALUES ('http://insta-cover.com/tag/15078/1')
4670000 INSERT INTO engine35.table2 (url) VALUES ('http://eolake.blogspot.com/2006_08_06_archive.html')
4675000 INSERT INTO engine35.table2 (url) VALUES ('http://blogdocrato.blogspot.com/2013_07_21_archive.html')
4680000 INSERT INTO engine35.table2 (url) VALUES ('http://lopezobradordvds.blogspot.com/2013_11_03_archive.html')
4685000 INSERT INTO engine35.table2 (url) VALUES ('http://comfortspiral.blogspot.com/2014_07_10_archive.html')
4690000 INSERT INTO engine35.table2 (url) VALUES ('http://www.hisseanaliz.net/sitemap/f-505.html')
4695000 INSERT INTO engine35.table2 (url) VALUES ('http://lyrics-video-music.blogspot.com/2010_05_07_archive.html')
4700000 INSERT INTO engine35.table2 (url) VALUES ('http://lasagarobsten.blogspot.com.es/2015_06_06_archive.html')
4705000 INSERT INTO engine35.table2 (url) VALUES ('http://tallyconnection.com/events/action~agenda/tag_ids~1303,1639,757/')
4710000 INSERT INTO engine35.table2 (url) VALUES ('http://ofalltheliars.blogspot.com/2008_11_16_archive.html')
4715000 INSERT INTO engine35.table2 (url) VALUES ('http://www.as-found.net/tag/Waiting')
4720000 INSERT INTO engine35.table2 (url) VALUES ('http://ladowntownnews.com/')
4725000 INSERT INTO engine35.table2 (url) VALUES ('http://www.jetpens.com/')
4730000 INSERT INTO engine35.table2 (url) VALUES ('http://elbiruniblogspotcom.blogspot.com/2012/02/cdc-features-living-with-heart-defect.html')
4735000 INSERT INTO engine35.table2 (url) VALUES ('http://www.foci-talentumok.com/Federico_Virgilio_Pagani-3_7-156768-16.html')
4740000 INSERT INTO engine35.table2 (url) VALUES ('http://penpasksgb.blogspot.com/2013/11/mb-yang-miliki-wang-tidak-salah.html')
4745000 INSERT INTO engine35.table2 (url) VALUES ('http://buzz.blogger.com/2009_11_01_archive.html')
4750000 INSERT INTO engine35.table2 (url) VALUES ('http://bookshareblog.wpengine.com/xmlrpc.php')
4755000 INSERT INTO engine35.table2 (url) VALUES ('http://marsalgado.blogspot.com/2003_07_27_archive.html')
4760000 INSERT INTO engine35.table2 (url) VALUES ('http://barnigjen.blogspot.com/')
4765000 INSERT INTO engine35.table2 (url) VALUES ('http://www.nationalreview.com/planet-gore')
4770000 INSERT INTO engine35.table2 (url) VALUES ('http://tallyconnection.com/events/action~agenda/tag_ids~2041,1735,2293/')
4775000 INSERT INTO engine35.table2 (url) VALUES ('http://insta-cover.com/tag/14464/1')
4780000 INSERT INTO engine35.table2 (url) VALUES ('http://insta-cover.com/tag/7205/1')
4785000 INSERT INTO engine35.table2 (url) VALUES ('http://insta-cover.com/tag/9166/1')
4790000 INSERT INTO engine35.table2 (url) VALUES ('http://insta-cover.com/tag/14402/1')
4795000 INSERT INTO engine35.table2 (url) VALUES ('http://oparalelocampestre.blogspot.com/2015_05_09_archive.html')
4800000 INSERT INTO engine35.table2 (url) VALUES ('http://npchamber.com/m/listing/tags')
4805000 INSERT INTO engine35.table2 (url) VALUES ('http://bodylanguagelady.blogspot.com/search/label/chronemics')
4810000 INSERT INTO engine35.table2 (url) VALUES ('http://www.facebook.com/horizonGalt')
4815000 INSERT INTO engine35.table2 (url) VALUES ('http://blog.timbunce.org/tag/dbi/')
4820000 INSERT INTO engine35.table2 (url) VALUES ('http://insta-wp.com/tag/3961/1')
4825000 INSERT INTO engine35.table2 (url) VALUES ('http://sendak.org/list/شنبه+12+اردیبهشت+13+رجب++مصادف+با+ولادت+امام+علی+علیه+السلام+و+روز+پدر.html')
4830000 INSERT INTO engine35.table2 (url) VALUES ('http://tallyconnection.com/events/action~agenda/tag_ids~2459,1037,486/')
4835000 INSERT INTO engine35.table2 (url) VALUES ('http://stapledesign.com/the-invisible-bicycle-helmet/')
4840000 INSERT INTO engine35.table2 (url) VALUES ('http://www.urbanmamas.com/urbanmamas/2014/05/weekend-warriors-may-30-june-1-2014.html')
4845000 INSERT INTO engine35.table2 (url) VALUES ('http://gadgetsaddict.com/category/civilization')
4850000 INSERT INTO engine35.table2 (url) VALUES ('http://gadgetsaddict.com/category/mi2a')
4855000 INSERT INTO engine35.table2 (url) VALUES ('http://medicarebuz.com/2012/06/08/')
4860000 INSERT INTO engine35.table2 (url) VALUES ('http://eloquentwoman.blogspot.com/2009_10_08_archive.html')
4865000 INSERT INTO engine35.table2 (url) VALUES ('http://lemediascope.fr/tag/le-parisien/')
4870000 INSERT INTO engine35.table2 (url) VALUES ('http://enewsusa.blogspot.com/2015_06_11_archive.html')
4875000 INSERT INTO engine35.table2 (url) VALUES ('http://clipshare.certifiedtube.com/tags/oz,')
4885000 INSERT INTO engine35.table2 (url) VALUES ('http://hope-inablog.com/tag/danahan-cheonsim-yeong-yul/')
4890000 INSERT INTO engine35.table2 (url) VALUES ('http://piszenpisze.hu/wordpress/wp-content/uploads/images/favicon.png')
4895000 INSERT INTO engine35.table2 (url) VALUES ('http://ilcorrieredelweb.blogspot.com/2009/01/larte-della-commedia-recensione.html')
4900000 INSERT INTO engine35.table2 (url) VALUES ('http://bibliotecariodebabel.com/2009/12/')
4905000 INSERT INTO engine35.table2 (url) VALUES ('http://listoftheday.blogspot.co.uk/2009_08_08_archive.html')
4910000 INSERT INTO engine35.table2 (url) VALUES ('http://www.engadget.com/2011/01/28/google-testing-display-ads-in-gmail-our-patience/')
4915000 INSERT INTO engine35.table2 (url) VALUES ('http://bookswithoutanypictures.com/')
4920000 INSERT INTO engine35.table2 (url) VALUES ('http://leparfait.se/hope-and-light-we-proudly-present-our-inspiring-spring-film-vi-ar-stolta-att-presentera-var-inspirerande-varfilm/')
4925000 INSERT INTO engine35.table2 (url) VALUES ('http://mysims3blog.blogspot.in/2014_07_18_archive.html')
4930000 INSERT INTO engine35.table2 (url) VALUES ('http://kacperkowalski.blogspot.com/')
4935000 INSERT INTO engine35.table2 (url) VALUES ('http://elbiruniblogspotcom.blogspot.com.ar/2012/10/seroprevalence-of-influenza-ah1n1pdm09.html')
4940000 INSERT INTO engine35.table2 (url) VALUES ('http://mysims3blog.blogspot.com/2011_02_20_archive.html')
4945000 INSERT INTO engine35.table2 (url) VALUES ('http://ronyaroshauthor.com/category/new-years-and-holiday-wishes/')
4950000 INSERT INTO engine35.table2 (url) VALUES ('http://tallyconnection.com/events/action~agenda/tag_ids~1755,1467,2345/')
4955000 INSERT INTO engine35.table2 (url) VALUES ('http://thebernermonologues.blogspot.com/2007_02_24_archive.html')
4960000 INSERT INTO engine35.table2 (url) VALUES ('http://doujin.moemilk.com/index/author/hinako-yui')
4965000 INSERT INTO engine35.table2 (url) VALUES ('http://foguinhomidia.blogspot.com/2013_05_01_archive.html')
4970000 INSERT INTO engine35.table2 (url) VALUES ('http://tallyconnection.com/events/action~agenda/tag_ids~2041,1166,1918/')
4975000 INSERT INTO engine35.table2 (url) VALUES ('http://elbiruniblogspotcom.blogspot.in/2013/03/national-guideline-clearinghouse_94.html')
4980000 INSERT INTO engine35.table2 (url) VALUES ('http://avaranda.blogspot.com.br/2014_03_02_archive.html')
4985000 INSERT INTO engine35.table2 (url) VALUES ('http://okok1111111111.blogspot.in/2012/02/yani-tseng.html')
4990000 INSERT INTO engine35.table2 (url) VALUES ('http://fiveminutemarketing.com/media/')
4995000 INSERT INTO engine35.table2 (url) VALUES ('http://soberplace.com/topic/vernon-rehab-centers/')
5000000 INSERT INTO engine35.table2 (url) VALUES ('http://www.hentaitube.tv/tags/Fucked')
5005000 INSERT INTO engine35.table2 (url) VALUES ('http://arrastao.blogs.sapo.pt/2005/08/')
5010000 INSERT INTO engine35.table2 (url) VALUES ('http://tallyconnection.com/events/action~agenda/tag_ids~2210,2594,1739/')
5015000 INSERT INTO engine35.table2 (url) VALUES ('http://tallyconnection.com/events/action~agenda/tag_ids~1255,1883,2346/')
5020000 INSERT INTO engine35.table2 (url) VALUES ('http://ehu.smartlog.dk/the+dreamteam')
5025000 INSERT INTO engine35.table2 (url) VALUES ('http://lillstreetgallery.com/exhibitions-and-events/flags/')
5030000 INSERT INTO engine35.table2 (url) VALUES ('http://beachedceleb.com/category/cameron-diaz/')
5035000 INSERT INTO engine35.table2 (url) VALUES ('http://revolucionesmx.blogspot.com/2011_02_14_archive.html')
5040000 INSERT INTO engine35.table2 (url) VALUES ('http://www.oicsingapore.com/wordpress/2007/08/')
5045000 INSERT INTO engine35.table2 (url) VALUES ('http://soberaniapopular.blogspot.mx/2009_12_31_archive.html')
5050000 INSERT INTO engine35.table2 (url) VALUES ('http://stevereports.com/tag/business-marketing/')
5055000 INSERT INTO engine35.table2 (url) VALUES ('http://deadpresident.blogspot.com/2006_01_04_archive.html')
5060000 INSERT INTO engine35.table2 (url) VALUES ('http://www.qualityprofessional.net/experts2.htm')
5065000 INSERT INTO engine35.table2 (url) VALUES ('http://thecomingcrisis.blogspot.in/2012/10/japan-navy-video-armada-flexes-muscles.html')
5070000 INSERT INTO engine35.table2 (url) VALUES ('http://www.taufiking.com/2014/02/4-cara-mudah-menangkis-kassim-ahmad.html')
5075000 INSERT INTO engine35.table2 (url) VALUES ('http://covechatter.com/tag/luis-ysla/')
5080000 INSERT INTO engine35.table2 (url) VALUES ('http://christianfiction.blogspot.com/2009_09_14_archive.html')
5085000 INSERT INTO engine35.table2 (url) VALUES ('http://ashleystube.com/videos/euro/sizzling-kinky-skinny-french-girl-gets-the-fuck-of-her-life')
5090000 INSERT INTO engine35.table2 (url) VALUES ('http://dhs-daily-report.blogspot.com/2011_09_10_archive.html')
5095000 INSERT INTO engine35.table2 (url) VALUES ('http://morbius.unblog.fr/2013/04/')
5100000 INSERT INTO engine35.table2 (url) VALUES ('http://99covers.com/textures-wallppapers-imgaes/tag/1/installs/1/0/')
5105000 INSERT INTO engine35.table2 (url) VALUES ('http://tallyconnection.com/events/action~agenda/tag_ids~1849,1129,1690/')
5110000 INSERT INTO engine35.table2 (url) VALUES ('http://thequestrevealed.com/category/the-meaning-of-life/')
5115000 INSERT INTO engine35.table2 (url) VALUES ('http://cangarubim.blogspot.com/2012_05_18_archive.html')
5120000 INSERT INTO engine35.table2 (url) VALUES ('http://www.lacaixa.es/')
5125000 INSERT INTO engine35.table2 (url) VALUES ('http://www.saatchi-gallery.co.uk/artists/dash_snow.htm')
5130000 INSERT INTO engine35.table2 (url) VALUES ('http://onemancan.ca/xmlrpc.php')
5135000 INSERT INTO engine35.table2 (url) VALUES ('http://www.igorstshirts.com/blog/conceptrobots/flash/divider.png')
5140000 INSERT INTO engine35.table2 (url) VALUES ('http://blog.mundolapalma.com/2013_10_14_archive.html')
5145000 INSERT INTO engine35.table2 (url) VALUES ('http://radiosme2.blogspot.mx/2013_04_26_archive.html')
5150000 INSERT INTO engine35.table2 (url) VALUES ('http://tallyconnection.com/events/action~agenda/tag_ids~2158,2696,1622/')
5155000 INSERT INTO engine35.table2 (url) VALUES ('http://morefocus.com/lifestyle/celebrating-success/')
5160000 INSERT INTO engine35.table2 (url) VALUES ('http://26sep.net')
5165000 INSERT INTO engine35.table2 (url) VALUES ('http://www.plumaderecha.blogspot.com/2014_09_03_archive.html')
5170000 INSERT INTO engine35.table2 (url) VALUES ('http://grepvine.info')
5175000 INSERT INTO engine35.table2 (url) VALUES ('http://insta-cover.com/tag/6762/1')
5180000 INSERT INTO engine35.table2 (url) VALUES ('http://insta-cover.com/tag/14021/1')
5185000 INSERT INTO engine35.table2 (url) VALUES ('http://insta-cover.com/tag/5299/1')
5190000 INSERT INTO engine35.table2 (url) VALUES ('http://palestinevideo.blogspot.com/')
5195000 INSERT INTO engine35.table2 (url) VALUES ('http://insta-cover.com/tag/1332/1')
5200000 INSERT INTO engine35.table2 (url) VALUES ('http://insta-cover.com/tag/639/1')
5205000 INSERT INTO engine35.table2 (url) VALUES ('http://insta-cover.com/tag/5056/1')
5210000 INSERT INTO engine35.table2 (url) VALUES ('http://www.cashregisterstore.com/xcart/Casio-PCR-T220S-c-1947/')
5215000 INSERT INTO engine35.table2 (url) VALUES ('http://intheknow.saoshyant.org/xmlrpc.php')
5220000 INSERT INTO engine35.table2 (url) VALUES ('http://blogdocrato.blogspot.com/2012_04_12_archive.html')
5225000 INSERT INTO engine35.table2 (url) VALUES ('http://video.kamaz.fr/futur-rapeur-v22728.html')
5230000 INSERT INTO engine35.table2 (url) VALUES ('http://ww.itimes.com/brands/best-delhi-university/related-posts/page/228')
5235000 INSERT INTO engine35.table2 (url) VALUES ('http://pieces-auto.mister-auto.com/compartiment-moteur_lc5/')
5240000 INSERT INTO engine35.table2 (url) VALUES ('http://www.annonsera.se/yahoo.html')
5245000 INSERT INTO engine35.table2 (url) VALUES ('http://hope-inablog.com/tag/hyosiah-soothing-jelly/')
5250000 INSERT INTO engine35.table2 (url) VALUES ('http://echidneofthesnakes.blogspot.ca/2010/10/youre-whore.html')
5255000 INSERT INTO engine35.table2 (url) VALUES ('http://siemens-melayumaju.blogspot.com/2015/04/panasss-mahathir-lanun-dan-biawak-hidup.html')
5260000 INSERT INTO engine35.table2 (url) VALUES ('http://gonepublic.net/tag/gender/')
5265000 INSERT INTO engine35.table2 (url) VALUES ('http://xporncube.com/category/toys/')
5270000 INSERT INTO engine35.table2 (url) VALUES ('http://lanotarojadesonora.blogspot.com/2013_08_08_archive.html')
5275000 INSERT INTO engine35.table2 (url) VALUES ('http://19920957.shoesitems.com')
5280000 INSERT INTO engine35.table2 (url) VALUES ('http://insta-cover.com/tag/1792/1')
5285000 INSERT INTO engine35.table2 (url) VALUES ('http://insta-cover.com/tag/5854/1')
5290000 INSERT INTO engine35.table2 (url) VALUES ('http://insta-cover.com/tag/7239/1')
5295000 INSERT INTO engine35.table2 (url) VALUES ('http://amudu-gowripalan.blogspot.com/2012/04/colorfull-birds-photography-by-john.html')
5300000 INSERT INTO engine35.table2 (url) VALUES ('http://octoberfarm.blogspot.com/2015_02_13_archive.html')
5305000 INSERT INTO engine35.table2 (url) VALUES ('http://www.simplypornstars.net/pornstars/kylie-morgan.html')
5310000 INSERT INTO engine35.table2 (url) VALUES ('http://elbiruniblogspotcom.blogspot.in/2015/05/hsd3b7-hydroxy-delta-5-steroid.html')
5315000 INSERT INTO engine35.table2 (url) VALUES ('http://srimp3.com/artist/priyankara-perera-238.html')
5320000 INSERT INTO engine35.table2 (url) VALUES ('http://jobs.sarkarinaukri.com/job-tag/rashtriya-ispat-nigam-limited/')
5325000 INSERT INTO engine35.table2 (url) VALUES ('http://www.rizedeyiz.com/Galeri/Slayt/Dergah-Pastaneleri-Buyuyor-667.html')
5330000 INSERT INTO engine35.table2 (url) VALUES ('http://patriziaportoghese.com/tag/poesia-sulle-stagioni/')
5335000 INSERT INTO engine35.table2 (url) VALUES ('http://23792336.shoesitems.com')
5340000 INSERT INTO engine35.table2 (url) VALUES ('http://netmumsblog.com/category/spring/')
5345000 INSERT INTO engine35.table2 (url) VALUES ('http://urbanfantasyinvestigations.blogspot.com/2014_03_29_archive.html')
5350000 INSERT INTO engine35.table2 (url) VALUES ('http://www.xpblocker.com/commercialwashroomaccessoriescommercialbathroommirrors-c-26_58_95.html')
5355000 INSERT INTO engine35.table2 (url) VALUES ('http://murciaconfidencial.blogspot.com/2010_05_27_archive.html')
5360000 INSERT INTO engine35.table2 (url) VALUES ('http://lucianaprofessora.blogspot.com/2014/08/tokarev-2014.html')
5370000 INSERT INTO engine35.table2 (url) VALUES ('http://www.cashregisterstore.com/xcart/Sam4s-Samsung-SRP-275/')
5375000 INSERT INTO engine35.table2 (url) VALUES ('http://wargamarhaen.blogspot.com/2010_04_09_archive.html')
5380000 INSERT INTO engine35.table2 (url) VALUES ('http://www.casinosca.com/casino49/Maryland-Casinos.htm')
5385000 INSERT INTO engine35.table2 (url) VALUES ('http://clearysviewpoint.blogspot.com/2015_05_29_archive.html')
5390000 INSERT INTO engine35.table2 (url) VALUES ('http://drbruecksblog.blogspot.com/2010/12/dr-brueck-discusses-breast-lifts-on-tv.html')
5395000 INSERT INTO engine35.table2 (url) VALUES ('http://watchanimenow.com/anime/kuchu-buranko/')
5400000 INSERT INTO engine35.table2 (url) VALUES ('http://www.flickr.com/photos/opoterser')
5405000 INSERT INTO engine35.table2 (url) VALUES ('http://news.ycombinator.com/')
5410000 INSERT INTO engine35.table2 (url) VALUES ('http://arcodealmedina.blogs.sapo.pt/2015/06/')
5415000 INSERT INTO engine35.table2 (url) VALUES ('http://tallyconnection.com/events/action~agenda/tag_ids~1723,1926,1822/')
5420000 INSERT INTO engine35.table2 (url) VALUES ('http://wn.com/Dukinfield')
5425000 INSERT INTO engine35.table2 (url) VALUES ('http://draculah.tumblr.com/')
5430000 INSERT INTO engine35.table2 (url) VALUES ('http://canefitness.wordpress.com')
5435000 INSERT INTO engine35.table2 (url) VALUES ('http://blog.kentforliberty.com/2007_05_08_archive.html')
5440000 INSERT INTO engine35.table2 (url) VALUES ('http://99covers.com/black+and+white-facebook-covers/tag/1/installs/1/1')
5445000 INSERT INTO engine35.table2 (url) VALUES ('http://tallyconnection.com/events/action~agenda/tag_ids~2580,2157,966/')
5450000 INSERT INTO engine35.table2 (url) VALUES ('http://visnews-fr.blogspot.com/2009_03_20_archive.html')
5455000 INSERT INTO engine35.table2 (url) VALUES ('http://barbarahartwellvscia.blogspot.com/2007/01/remembering-what-is-real.html')
5460000 INSERT INTO engine35.table2 (url) VALUES ('http://tinyurl.com/q43gooy')
5465000 INSERT INTO engine35.table2 (url) VALUES ('http://blog.hwtm.com/2015/03/')
5470000 INSERT INTO engine35.table2 (url) VALUES ('http://skegley.blogspot.com/2013_07_16_archive.html')
5475000 INSERT INTO engine35.table2 (url) VALUES ('http://thisridiculousworld.com/tag/consumerism/')
5480000 INSERT INTO engine35.table2 (url) VALUES ('http://murciaconfidencial.blogspot.com/2012_11_01_archive.html')
5485000 INSERT INTO engine35.table2 (url) VALUES ('http://findlakes.com/east_illinois_lakes_n39w89.htm')
5490000 INSERT INTO engine35.table2 (url) VALUES ('http://ww.itimes.com/brands/best-delhi-university/related-posts/page/4759')
5495000 INSERT INTO engine35.table2 (url) VALUES ('http://actresspadam.com/category/swetha-rao/')
5500000 INSERT INTO engine35.table2 (url) VALUES ('http://www.wordle.net/show/wrdl/4446527/11-20-2011')
5505000 INSERT INTO engine35.table2 (url) VALUES ('http://dustybrow.com/2009/12/01/sorta-sorting/')
5510000 INSERT INTO engine35.table2 (url) VALUES ('http://www.blushingbeauties.com/track/default/10559/')
5515000 INSERT INTO engine35.table2 (url) VALUES ('http://marriagejunkie.com/before-i-do/')
5520000 INSERT INTO engine35.table2 (url) VALUES ('http://ergode.com/outdoor-sports/golf-1/accessories-40/gps-units')
5525000 INSERT INTO engine35.table2 (url) VALUES ('http://www.christinerice-freelancewriter.com/applying-for-freelance-writing-position-online-tipstricks/')
5530000 INSERT INTO engine35.table2 (url) VALUES ('http://www.xstarstube.com/browse/categories/videos/z/1909/1/Crissy Moon')
5535000 INSERT INTO engine35.table2 (url) VALUES ('http://www.hscic.gov.uk/mhldds')
5540000 INSERT INTO engine35.table2 (url) VALUES ('http://project-leaders.enligne-fr.com/packs_recrutements.php')
5545000 INSERT INTO engine35.table2 (url) VALUES ('http://br.loccitane.com/cuidados-faciais,43,2,10259,150035.htm')
5550000 INSERT INTO engine35.table2 (url) VALUES ('http://www.fussball-talente.com/Luiz_Fernando_Nascimento-3_7-184857-1.html')
5555000 INSERT INTO engine35.table2 (url) VALUES ('http://organiconestop.com/research-and-markets-2010-u-s-other-basic-organic-chemical-manufacturing-industry-report/')
5560000 INSERT INTO engine35.table2 (url) VALUES ('http://www.whitehousedossier.com')
5565000 INSERT INTO engine35.table2 (url) VALUES ('http://inlandpolitics.com/blog/category/professional-sports-franchises/')
5570000 INSERT INTO engine35.table2 (url) VALUES ('http://rheinsein.de/2013/07/03/der-rhein-ist-tatsachlich-ein-flus-der-vom-himmel-fallt/')
5575000 INSERT INTO engine35.table2 (url) VALUES ('http://tallyconnection.com/events/action~agenda/tag_ids~1770,596,1766/')
5580000 INSERT INTO engine35.table2 (url) VALUES ('http://collegepro.com/sherwood-park-ab/')
5590000 INSERT INTO engine35.table2 (url) VALUES ('http://cortesi-vincent.blogspot.com/feeds/posts/default')
5595000 INSERT INTO engine35.table2 (url) VALUES ('http://tallyconnection.com/events/action~agenda/tag_ids~1433,1929,1880/')
5600000 INSERT INTO engine35.table2 (url) VALUES ('http://khmernz.blogspot.com/2009_06_09_archive.html')
5605000 INSERT INTO engine35.table2 (url) VALUES ('http://theitbros.com/ie9-stay-in-compatibility-view/feed/')
5610000 INSERT INTO engine35.table2 (url) VALUES ('http://raymondafoss.blogspot.com/2010_06_27_archive.html')
5615000 INSERT INTO engine35.table2 (url) VALUES ('http://insta-cover.com/tag/4990/1')
5620000 INSERT INTO engine35.table2 (url) VALUES ('http://insta-cover.com/tag/399/1')
5625000 INSERT INTO engine35.table2 (url) VALUES ('http://blog.brianthecutter.com/category/uncategorized/')
5630000 INSERT INTO engine35.table2 (url) VALUES ('http://kinige.com/books/english')
5635000 INSERT INTO engine35.table2 (url) VALUES ('http://bloganalisis.com/tag/frank-sinatra/')
5640000 INSERT INTO engine35.table2 (url) VALUES ('http://99covers.com/textures-favcebook-coversd/tag/1/installs/1/0/')
5645000 INSERT INTO engine35.table2 (url) VALUES ('http://tallyconnection.com/events/action~agenda/tag_ids~1766,1559,1649/')
5650000 INSERT INTO engine35.table2 (url) VALUES ('http://www.penthousereport.com/tag/hardcore/')
5655000 INSERT INTO engine35.table2 (url) VALUES ('http://smsjan.com/quote-sms/rumi-quotes-sms/')
5660000 INSERT INTO engine35.table2 (url) VALUES ('http://insta-cover.com/tag/2961/1')
5665000 INSERT INTO engine35.table2 (url) VALUES ('http://insta-cover.com/tag/8386/1')
5670000 INSERT INTO engine35.table2 (url) VALUES ('http://jeremyirons.net/2009/11/')
5675000 INSERT INTO engine35.table2 (url) VALUES ('http://jobs.sarkarinaukri.com/job-tag/sr-executive-asst-s-4/')
5680000 INSERT INTO engine35.table2 (url) VALUES ('http://jobs.sarkarinaukri.com/job-tag/administrative-officer-academics/')
5685000 INSERT INTO engine35.table2 (url) VALUES ('http://tallyconnection.com/events/action~agenda/tag_ids~697,609,2541/')
5690000 INSERT INTO engine35.table2 (url) VALUES ('http://visnews-fr.blogspot.com/2013_07_28_archive.html')
5695000 INSERT INTO engine35.table2 (url) VALUES ('http://elbiruniblogspotcom.blogspot.com.ar/2014_04_01_archive.html')
5700000 INSERT INTO engine35.table2 (url) VALUES ('http://octoberfarm.blogspot.com/2010_01_08_archive.html')
5705000 INSERT INTO engine35.table2 (url) VALUES ('http://ararunaagora.blogspot.com.br/2015_06_21_archive.html')
5710000 INSERT INTO engine35.table2 (url) VALUES ('http://country94news.blogspot.com/2011_03_05_archive.html')
5715000 INSERT INTO engine35.table2 (url) VALUES ('http://ww.itimes.com/showbiz/sarabhai-vs-sarabhai-national/related-posts/page/514')
5725000 INSERT INTO engine35.table2 (url) VALUES ('http://culturepopped.blogspot.com/search/label/Nobel')
5730000 INSERT INTO engine35.table2 (url) VALUES ('http://sfbayview.com/tag/cherrell-brown/')
5735000 INSERT INTO engine35.table2 (url) VALUES ('http://lyrics-video-music.blogspot.com/2010_06_04_archive.html')
5740000 INSERT INTO engine35.table2 (url) VALUES ('http://inquiryintoinquiry.com/category/philosophy/epistemology/')
5745000 INSERT INTO engine35.table2 (url) VALUES ('http://visnews-en.blogspot.com/2014_04_07_archive.html')
5750000 INSERT INTO engine35.table2 (url) VALUES ('http://sexoffenderissues.blogspot.com/2010_11_17_archive.html')
5755000 INSERT INTO engine35.table2 (url) VALUES ('http://fancitronille.canalblog.com/profile/501671/index.html')
5760000 INSERT INTO engine35.table2 (url) VALUES ('http://ofalltheliars.blogspot.com/2007_09_03_archive.html')
5765000 INSERT INTO engine35.table2 (url) VALUES ('http://virtualchapel.blogspot.com/2009_03_03_archive.html')
5770000 INSERT INTO engine35.table2 (url) VALUES ('http://tallyconnection.com/events/action~agenda/tag_ids~1519,409,2634/')
5775000 INSERT INTO engine35.table2 (url) VALUES ('http://gritsforbreakfast.blogspot.com/2008/02/dallas-pd-will-use-citations-for-b.html')
5780000 INSERT INTO engine35.table2 (url) VALUES ('http://lasagarobsten.blogspot.com.es/2015_06_28_archive.html')
5785000 INSERT INTO engine35.table2 (url) VALUES ('http://heart.tumblr.com/post/122950304289/inner-utopia-bless-that-one-person-in-every')
5790000 INSERT INTO engine35.table2 (url) VALUES ('http://tallyconnection.com/events/action~agenda/tag_ids~1733,1014,953/')
5795000 INSERT INTO engine35.table2 (url) VALUES ('http://freenorthcarolina.blogspot.com/2015_04_09_archive.html')
5800000 INSERT INTO engine35.table2 (url) VALUES ('http://tallyconnection.com/movietimes/')
5805000 INSERT INTO engine35.table2 (url) VALUES ('http://motherlyinstinct.blogspot.com/2011_06_01_archive.html')
5810000 INSERT INTO engine35.table2 (url) VALUES ('http://thewildmagnolia-ocala.blogspot.com/')
5815000 INSERT INTO engine35.table2 (url) VALUES ('http://visnews-en.blogspot.com/2000_05_29_archive.html')
5820000 INSERT INTO engine35.table2 (url) VALUES ('http://insta-cover.com/tag/3097/1')
5825000 INSERT INTO engine35.table2 (url) VALUES ('http://insta-cover.com/tag/15211/1')
5830000 INSERT INTO engine35.table2 (url) VALUES ('http://insta-cover.com/tag/8698/1')
5835000 INSERT INTO engine35.table2 (url) VALUES ('http://braindamaged.fr/2014/09/20/greys-anatomy-la-mere-dapril-recastee-calliearizona-en-danger-shonda-rhimes-en-colere/')
5840000 INSERT INTO engine35.table2 (url) VALUES ('http://androidgroup.blogspot.com/2012/06/re-id-android-indotv-pada-samsung.html')
5845000 INSERT INTO engine35.table2 (url) VALUES ('http://blog.fractalspin.com/tag/mandelbrot/')
5850000 INSERT INTO engine35.table2 (url) VALUES ('http://labs.openviewpartners.com/research/')
5855000 INSERT INTO engine35.table2 (url) VALUES ('http://radiofreewohlman.blogspot.com/')
5860000 INSERT INTO engine35.table2 (url) VALUES ('http://urbanfantasyinvestigations.blogspot.com/2011_02_16_archive.html')
5865000 INSERT INTO engine35.table2 (url) VALUES ('http://conpats.blogspot.com/2013_01_15_archive.html')
5870000 INSERT INTO engine35.table2 (url) VALUES ('http://inkanyiso.org/category/charismatic/')
5875000 INSERT INTO engine35.table2 (url) VALUES ('http://ehu.smartlog.dk/magien-i-magdeburg---en-sp-ndingsroman-post627150')
5880000 INSERT INTO engine35.table2 (url) VALUES ('http://somos.vicencianos.org/blog/2013/04/26/')
5885000 INSERT INTO engine35.table2 (url) VALUES ('http://blog.sloanparker.com/tag/lex-valentine/')
5890000 INSERT INTO engine35.table2 (url) VALUES ('http://celebsalon.sheknows.com/category/niki-taylor-hairstyles/')
5895000 INSERT INTO engine35.table2 (url) VALUES ('http://communities-dominate.blogs.com/brands/advertising/')
5905000 INSERT INTO engine35.table2 (url) VALUES ('http://tallyconnection.com/events/action~agenda/tag_ids~1079,2055,1855/')
5910000 INSERT INTO engine35.table2 (url) VALUES ('http://daytradingstockblog.blogspot.com/2013_09_08_archive.html')
5915000 INSERT INTO engine35.table2 (url) VALUES ('http://marksmews.blogspot.com/2012_07_25_archive.html')
5920000 INSERT INTO engine35.table2 (url) VALUES ('http://schlockmania.com/ds-amityville-horror-trilogy/')
5925000 INSERT INTO engine35.table2 (url) VALUES ('http://lopezobradordvds.blogspot.com/2009_10_20_archive.html')
5930000 INSERT INTO engine35.table2 (url) VALUES ('http://www.travelindex.com/tj/Information___Media/Radio_Stations/Gospel_Radios/index.html')
5935000 INSERT INTO engine35.table2 (url) VALUES ('http://urbnfutr.com/')
5940000 INSERT INTO engine35.table2 (url) VALUES ('http://tallyconnection.com/events/action~agenda/tag_ids~2380,1750,2655/')
5945000 INSERT INTO engine35.table2 (url) VALUES ('http://www.simplypornstars.net/pornstars/valentina-nappi.html')
5950000 INSERT INTO engine35.table2 (url) VALUES ('http://zandarvts.blogspot.com/2011_09_12_archive.html')
5955000 INSERT INTO engine35.table2 (url) VALUES ('http://despiertaalfuturo.blogspot.com/2012/09/la-mayoria-de-los-usuarios-de.html')
5960000 INSERT INTO engine35.table2 (url) VALUES ('http://www.snaintongolf.co.uk/section/2399/1/puma/988ebc6c91ea8646a57bc83436097fbb')
5965000 INSERT INTO engine35.table2 (url) VALUES ('http://miradoroeste.blogspot.com/2013_06_07_archive.html')
5970000 INSERT INTO engine35.table2 (url) VALUES ('http://theunionnews.blogspot.com/2010_11_11_archive.html')
5975000 INSERT INTO engine35.table2 (url) VALUES ('http://athomewithbooks.net/2010/07/high-adventure-story-of-national/')
5980000 INSERT INTO engine35.table2 (url) VALUES ('http://www.greenneedham.org/blog/2013/08/')
5985000 INSERT INTO engine35.table2 (url) VALUES ('http://martysmusings.net/2012/07')
5995000 INSERT INTO engine35.table2 (url) VALUES ('http://thethunderingherd.com/2015/05/16/supervising/')
6000000 INSERT INTO engine35.table2 (url) VALUES ('http://dalyplanet.blogspot.com/2010_02_27_archive.html')
6005000 INSERT INTO engine35.table2 (url) VALUES ('http://www.jewelrystoresusa.com/city-Memphis-TN.html')
6010000 INSERT INTO engine35.table2 (url) VALUES ('http://ciudadanosenlared.blogspot.com/2008_11_01_archive.html')
6015000 INSERT INTO engine35.table2 (url) VALUES ('http://www.football-talents.com.cn/Sebastiano_Silvetti-3_7-202889-15.html')
6020000 INSERT INTO engine35.table2 (url) VALUES ('http://tallyconnection.com/events/action~agenda/tag_ids~455,696,1675/')
6025000 INSERT INTO engine35.table2 (url) VALUES ('http://www.sudanjem.org/2013/11/')
6030000 INSERT INTO engine35.table2 (url) VALUES ('http://blogdelatele.blogspot.com/2009/07/will-smith-calvo-nuevo-look.html')
6035000 INSERT INTO engine35.table2 (url) VALUES ('http://practical-parsimony.blogspot.com/search/label/Fancy')
6040000 INSERT INTO engine35.table2 (url) VALUES ('http://budgie-tube.com/tag/Xzibit/')
6045000 INSERT INTO engine35.table2 (url) VALUES ('http://newsnewmexico.blogspot.com/2014_06_16_archive.html')
6050000 INSERT INTO engine35.table2 (url) VALUES ('http://vtcar.com/rally/subaru-contingency-program/')
6055000 INSERT INTO engine35.table2 (url) VALUES ('http://www.as-found.net/tag/Charcoal')
6060000 INSERT INTO engine35.table2 (url) VALUES ('http://www.pornstarmoviezone.com/pornstar_movies/shannon_kelly.shtml')
6065000 INSERT INTO engine35.table2 (url) VALUES ('http://ofalltheliars.blogspot.com/2011_02_14_archive.html')
6070000 INSERT INTO engine35.table2 (url) VALUES ('http://nonianumudu.blogspot.com/2014_03_24_archive.html')
6075000 INSERT INTO engine35.table2 (url) VALUES ('http://blog.weatherby.net/2015/02/non-discrimination.html')
6085000 INSERT INTO engine35.table2 (url) VALUES ('http://dickpuddlecote.blogspot.com/')
6090000 INSERT INTO engine35.table2 (url) VALUES ('http://www.jesuismort.com/biographie_celebrite_chercher/biographie-daniel_boulanger-19007.php')
6095000 INSERT INTO engine35.table2 (url) VALUES ('http://www.footballtalent.org/Lorenzo_Antonio_Stellato-3_7-156825-7.html')
6100000 INSERT INTO engine35.table2 (url) VALUES ('http://www.specificfeeds.com/follow')
6105000 INSERT INTO engine35.table2 (url) VALUES ('http://visnews-en.blogspot.com/2009_11_25_archive.html')
6110000 INSERT INTO engine35.table2 (url) VALUES ('http://tallyconnection.com/events/action~agenda/tag_ids~763,1887,1788/')
6115000 INSERT INTO engine35.table2 (url) VALUES ('http://tallyconnection.com/events/action~agenda/tag_ids~1657,495,2637/')
6120000 INSERT INTO engine35.table2 (url) VALUES ('http://zaratustranaoeradobenfica.blogspot.pt/2014_11_19_archive.html')
6125000 INSERT INTO engine35.table2 (url) VALUES ('http://blog.mybeautybox.it/category/le-nostre-collaborazioni/')
6130000 INSERT INTO engine35.table2 (url) VALUES ('http://www.fabfood4all.co.uk/tag/cream/')
6135000 INSERT INTO engine35.table2 (url) VALUES ('http://canadablog.cisco.com/tag/rick-huijbregts/')
6140000 INSERT INTO engine35.table2 (url) VALUES ('http://www.haber7.com/avrupa/haber/1116560-hollandein-capkinlik-fotograflarina-cevabi')
6145000 INSERT INTO engine35.table2 (url) VALUES ('http://www.backcountrygear.com/backpacking.html')
6150000 INSERT INTO engine35.table2 (url) VALUES ('http://insta-cover.com/tag/2987/1')
6155000 INSERT INTO engine35.table2 (url) VALUES ('http://insta-cover.com/tag/5311/1')
6160000 INSERT INTO engine35.table2 (url) VALUES ('http://insta-cover.com/tag/14905/1')
6165000 INSERT INTO engine35.table2 (url) VALUES ('http://23779164.shoesitems.com')
6170000 INSERT INTO engine35.table2 (url) VALUES ('http://ow.ly/OywM2 ')
6175000 INSERT INTO engine35.table2 (url) VALUES ('http://daganbooks.com/tag/cthulhurotica/')
6180000 INSERT INTO engine35.table2 (url) VALUES ('http://diariolinea.blogspot.com/')
6185000 INSERT INTO engine35.table2 (url) VALUES ('http://jobs.sarkarinaukri.com/job-tag/junior-executive/')
6190000 INSERT INTO engine35.table2 (url) VALUES ('http://jobs.sarkarinaukri.com/job-tag/dean-research/')
6205000 INSERT INTO engine35.table2 (url) VALUES ('http://www.blogger.com/profile/02175111029819392889')
6210000 INSERT INTO engine35.table2 (url) VALUES ('http://technicaljobs.ie/salary/less-than-20000/')
6215000 INSERT INTO engine35.table2 (url) VALUES ('http://lindashus.blogspot.com/')
6220000 INSERT INTO engine35.table2 (url) VALUES ('http://www.proavplanet.com/streaming/')
6225000 INSERT INTO engine35.table2 (url) VALUES ('http://rheinsein.de/tag/la-vopa/')
6230000 INSERT INTO engine35.table2 (url) VALUES ('http://abraabocacidadao.blogspot.com/2011_06_18_archive.html')
6235000 INSERT INTO engine35.table2 (url) VALUES ('http://sauceio.com/index.php/2015/01/vote-to-help-appium-win-a-developerweek-award/')
6240000 INSERT INTO engine35.table2 (url) VALUES ('http://deadpresident.blogspot.com/2005_10_14_archive.html')
6245000 INSERT INTO engine35.table2 (url) VALUES ('http://tallyconnection.com/events/action~agenda/tag_ids~2657,1490,2426/')
6250000 INSERT INTO engine35.table2 (url) VALUES ('http://litasworld.com/category/litas-homestead/litas-full-blog/')
